{"level":"error","message":"500 - D:\\condo-booking-system\\views\\auth\\login.ejs:139\n    137| \r\n    138|             <!-- Login Form -->\r\n >> 139|             <form action=\"/auth/login?_csrf=<%= csrfToken %>\" method=\"POST\">\r\n    140|                 <input type=\"hidden\" name=\"_csrf\" value=\"<%= csrfToken %>\">\r\n    141|                 <div class=\"mb-3\">\r\n    142|                     <label class=\"small text-uppercase fw-bold text-white-50 mb-1\">Username</label>\r\n\ncsrfToken is not defined - /auth/login - GET - ::1","timestamp":"2026-02-03T07:10:09.490Z"}
{"level":"error","message":"500 - D:\\condo-booking-system\\views\\auth\\login.ejs:140\n    138|             <!-- Login Form -->\r\n    139|             <form action=\"/auth/login\" method=\"POST\">\r\n >> 140|                 //<input type=\"hidden\" name=\"_csrf\" value=\"<%= csrfToken %>\">\r\n    141|                 <div class=\"mb-3\">\r\n    142|                     <label class=\"small text-uppercase fw-bold text-white-50 mb-1\">Username</label>\r\n    143|                     <div class=\"input-group\">\r\n\ncsrfToken is not defined - /auth/login - GET - ::1","timestamp":"2026-02-03T07:10:55.957Z"}
{"level":"error","message":"500 - D:\\condo-booking-system\\views\\auth\\login.ejs:140\n    138|             <!-- Login Form -->\r\n    139|             <form action=\"/auth/login\" method=\"POST\">\r\n >> 140|                 //<input type=\"hidden\" name=\"_csrf\" value=\"<%= csrfToken %>\">\r\n    141|                 <div class=\"mb-3\">\r\n    142|                     <label class=\"small text-uppercase fw-bold text-white-50 mb-1\">Username</label>\r\n    143|                     <div class=\"input-group\">\r\n\ncsrfToken is not defined - /auth/login - GET - ::1","timestamp":"2026-02-03T07:10:58.213Z"}
{"level":"error","message":"500 - D:\\condo-booking-system\\views\\auth\\login.ejs:140\n    138|             <!-- Login Form -->\r\n    139|             <form action=\"/auth/login\" method=\"POST\">\r\n >> 140|                 //<input type=\"hidden\" name=\"_csrf\" value=\"<%= csrfToken %>\">\r\n    141|                 <div class=\"mb-3\">\r\n    142|                     <label class=\"small text-uppercase fw-bold text-white-50 mb-1\">Username</label>\r\n    143|                     <div class=\"input-group\">\r\n\ncsrfToken is not defined - /auth/login - GET - ::1","timestamp":"2026-02-03T07:10:58.891Z"}
{"level":"error","message":"500 - D:\\condo-booking-system\\views\\auth\\login.ejs:140\n    138|             <!-- Login Form -->\r\n    139|             <form action=\"/auth/login\" method=\"POST\">\r\n >> 140|                 //<input type=\"hidden\" name=\"_csrf\" value=\"<%= csrfToken %>\">\r\n    141|                 <div class=\"mb-3\">\r\n    142|                     <label class=\"small text-uppercase fw-bold text-white-50 mb-1\">Username</label>\r\n    143|                     <div class=\"input-group\">\r\n\ncsrfToken is not defined - /auth/login - GET - ::1","timestamp":"2026-02-03T07:10:59.437Z"}
{"level":"error","message":"500 - D:\\condo-booking-system\\views\\auth\\login.ejs:140\n    138|             <!-- Login Form -->\r\n    139|             <form action=\"/auth/login\" method=\"POST\">\r\n >> 140|                 //<input type=\"hidden\" name=\"_csrf\" value=\"<%= csrfToken %>\">\r\n    141|                 <div class=\"mb-3\">\r\n    142|                     <label class=\"small text-uppercase fw-bold text-white-50 mb-1\">Username</label>\r\n    143|                     <div class=\"input-group\">\r\n\ncsrfToken is not defined - /auth/login - GET - ::1","timestamp":"2026-02-03T07:10:59.637Z"}
{"level":"error","message":"500 - D:\\condo-booking-system\\views\\auth\\login.ejs:140\n    138|             <!-- Login Form -->\r\n    139|             <form action=\"/auth/login\" method=\"POST\">\r\n >> 140|                 //<input type=\"hidden\" name=\"_csrf\" value=\"<%= csrfToken %>\">\r\n    141|                 <div class=\"mb-3\">\r\n    142|                     <label class=\"small text-uppercase fw-bold text-white-50 mb-1\">Username</label>\r\n    143|                     <div class=\"input-group\">\r\n\ncsrfToken is not defined - /auth/login - GET - ::1","timestamp":"2026-02-03T07:10:59.829Z"}
{"level":"error","message":"500 - D:\\condo-booking-system\\views\\auth\\login.ejs:140\n    138|             <!-- Login Form -->\r\n    139|             <form action=\"/auth/login\" method=\"POST\">\r\n >> 140|                 //<input type=\"hidden\" name=\"_csrf\" value=\"<%= csrfToken %>\">\r\n    141|                 <div class=\"mb-3\">\r\n    142|                     <label class=\"small text-uppercase fw-bold text-white-50 mb-1\">Username</label>\r\n    143|                     <div class=\"input-group\">\r\n\ncsrfToken is not defined - /auth/login - GET - ::1","timestamp":"2026-02-03T07:11:00.038Z"}
{"level":"error","message":"500 - D:\\condo-booking-system\\views\\auth\\login.ejs:140\n    138|             <!-- Login Form -->\r\n    139|             <form action=\"/auth/login\" method=\"POST\">\r\n >> 140|                 //<input type=\"hidden\" name=\"_csrf\" value=\"<%= csrfToken %>\">\r\n    141|                 <div class=\"mb-3\">\r\n    142|                     <label class=\"small text-uppercase fw-bold text-white-50 mb-1\">Username</label>\r\n    143|                     <div class=\"input-group\">\r\n\ncsrfToken is not defined - /auth/login - GET - ::1","timestamp":"2026-02-03T07:11:00.229Z"}
{"level":"error","message":"500 - write ECONNRESET - /admin/site-config/update - POST - ::1","timestamp":"2026-02-04T05:07:59.584Z"}
{"level":"error","message":"500 - write ECONNRESET - /admin/site-config/update - POST - ::1","timestamp":"2026-02-04T05:10:52.849Z"}
{"level":"error","message":"500 - aborted - /admin/site-config/update - POST - ::1","timestamp":"2026-02-04T05:18:09.063Z"}
{"level":"error","message":"500 - write ECONNRESET - /admin/site-config/update - POST - ::1","timestamp":"2026-02-04T05:18:38.214Z"}
{"level":"error","message":"500 - write ECONNRESET - /admin/site-config/update - POST - ::1","timestamp":"2026-02-04T05:28:29.492Z"}
{"level":"error","message":"500 - write ECONNRESET - /admin/site-config/update - POST - ::1","timestamp":"2026-02-04T07:41:33.881Z"}
{"level":"error","message":"[Cron Error - AutoCancel] read ECONNRESET","timestamp":"2026-02-05T02:39:19.231Z"}
{"level":"error","message":"500 - Operation `users.findOne()` buffering timed out after 10000ms - /admin - GET - ::1","timestamp":"2026-02-05T02:46:27.437Z"}
{"level":"error","message":"[Cron Error - AutoCancel] mongoose is not defined","timestamp":"2026-02-05T02:49:00.028Z"}
{"level":"error","message":"[Cron Error - AutoCancel] mongoose is not defined","timestamp":"2026-02-05T02:50:00.031Z"}
{"level":"error","message":"[Cron Error - AutoCancel] mongoose is not defined","timestamp":"2026-02-05T02:51:00.019Z"}
{"level":"error","message":"[Cron Error - AutoCancel] mongoose is not defined","timestamp":"2026-02-05T02:52:00.023Z"}
{"level":"error","message":"500 - read ECONNRESET - /booking/confirm - POST - ::1","timestamp":"2026-02-05T02:54:41.653Z"}
{"level":"error","message":"[Cron Error - AutoCancel] read ECONNRESET","timestamp":"2026-02-05T07:32:19.230Z"}
{"level":"error","message":"[Cron Error - AutoCancel] read ECONNRESET","timestamp":"2026-02-06T02:50:19.217Z"}
{"level":"error","message":"500 - File size too large. Got 63364760. Maximum is 10485760. - /admin/site-config/update - POST - ::1","timestamp":"2026-02-10T03:40:50.526Z"}
{"level":"error","message":"500 - File size too large. Got 63364760. Maximum is 10485760. - /admin/site-config/update - POST - ::1","timestamp":"2026-02-10T03:47:43.927Z"}
{"level":"error","message":"500 - File size too large. Got 63364760. Maximum is 10485760. - /admin/site-config/update - POST - ::1","timestamp":"2026-02-10T03:51:46.510Z"}
{"level":"error","message":"500 - File size too large. Got 63364760. Maximum is 10485760. - /admin/site-config/update - POST - ::1","timestamp":"2026-02-10T03:58:24.126Z"}
{"level":"error","message":"500 - File size too large. Got 63364760. Maximum is 10485760. - /admin/site-config/update - POST - ::1","timestamp":"2026-02-10T04:20:08.005Z"}
{"level":"error","message":"500 - File size too large. Got 63364760. Maximum is 10485760. - /admin/site-config/update - POST - ::1","timestamp":"2026-02-10T04:20:51.589Z"}
{"level":"error","message":"500 - aborted - /admin/site-config/update - POST - ::1","timestamp":"2026-02-10T04:22:36.575Z"}
{"level":"error","message":"[Cron Error - Sync] getaddrinfo EAI_AGAIN ac-dvw6wjb-shard-00-01.yko6745.mongodb.net","timestamp":"2026-02-11T02:15:05.179Z"}
{"level":"error","message":"[Cron Error - Sync] getaddrinfo ENOTFOUND ac-dvw6wjb-shard-00-01.yko6745.mongodb.net","timestamp":"2026-02-11T03:00:05.105Z"}
{"level":"error","message":"[Cron Error - Sync] getaddrinfo EAI_AGAIN ac-dvw6wjb-shard-00-01.yko6745.mongodb.net","timestamp":"2026-02-11T03:15:05.082Z"}
{"level":"error","message":"[Cron Error - Sync] getaddrinfo EAI_AGAIN ac-dvw6wjb-shard-00-01.yko6745.mongodb.net","timestamp":"2026-02-11T03:30:05.069Z"}
{"level":"error","message":"[Cron Error - Sync] getaddrinfo EAI_AGAIN ac-dvw6wjb-shard-00-01.yko6745.mongodb.net","timestamp":"2026-02-11T03:45:05.064Z"}
{"level":"error","message":"[Cron Error - Sync] getaddrinfo EAI_AGAIN ac-dvw6wjb-shard-00-01.yko6745.mongodb.net","timestamp":"2026-02-11T04:00:05.061Z"}
{"level":"error","message":"[Cron Error - Sync] getaddrinfo EAI_AGAIN ac-dvw6wjb-shard-00-01.yko6745.mongodb.net","timestamp":"2026-02-11T04:15:05.061Z"}
{"level":"error","message":"[Cron Error - Sync] getaddrinfo EAI_AGAIN ac-dvw6wjb-shard-00-01.yko6745.mongodb.net","timestamp":"2026-02-11T04:30:05.039Z"}
{"level":"error","message":"[Cron Error - Sync] getaddrinfo EAI_AGAIN ac-dvw6wjb-shard-00-01.yko6745.mongodb.net","timestamp":"2026-02-11T04:45:05.058Z"}
{"level":"error","message":"[Cron Error - Sync] getaddrinfo EAI_AGAIN ac-dvw6wjb-shard-00-01.yko6745.mongodb.net","timestamp":"2026-02-11T05:00:05.040Z"}
{"level":"error","message":"[Cron Error - Sync] getaddrinfo EAI_AGAIN ac-dvw6wjb-shard-00-01.yko6745.mongodb.net","timestamp":"2026-02-11T05:15:05.039Z"}
{"level":"error","message":"[Cron Error - Sync] getaddrinfo EAI_AGAIN ac-dvw6wjb-shard-00-01.yko6745.mongodb.net","timestamp":"2026-02-11T05:30:05.043Z"}
{"level":"error","message":"[Cron Error - Sync] getaddrinfo EAI_AGAIN ac-dvw6wjb-shard-00-01.yko6745.mongodb.net","timestamp":"2026-02-11T05:45:05.042Z"}
{"level":"error","message":"[Cron Error - Sync] getaddrinfo EAI_AGAIN ac-dvw6wjb-shard-00-01.yko6745.mongodb.net","timestamp":"2026-02-11T06:00:05.035Z"}
{"level":"error","message":"[Cron Error - Sync] getaddrinfo EAI_AGAIN ac-dvw6wjb-shard-00-01.yko6745.mongodb.net","timestamp":"2026-02-11T06:15:05.036Z"}
{"level":"error","message":"[Cron Error - Sync] getaddrinfo EAI_AGAIN ac-dvw6wjb-shard-00-01.yko6745.mongodb.net","timestamp":"2026-02-11T06:30:05.035Z"}
{"level":"error","message":"[Cron Error - Sync] getaddrinfo EAI_AGAIN ac-dvw6wjb-shard-00-01.yko6745.mongodb.net","timestamp":"2026-02-11T06:45:05.026Z"}
{"level":"error","message":"500 - D:\\condo-booking-system\\views\\Room\\index.ejs:307\n    305| \r\n    306|     <!-- LOGIN MODAL (Keep Existing) -->\r\n >> 307|     <%- include('partials/login-modal') %>\r\n    308| \r\n    309|     <!-- SCRIPTS -->\r\n    310|     <script src=\"https://cdn.jsdelivr.net/npm/bootstrap@5.3.0/dist/js/bootstrap.bundle.min.js\"></script>\r\n\nCould not find the include file \"partials/login-modal\" - / - GET - ::1","timestamp":"2026-02-13T06:58:30.753Z"}
{"level":"error","message":"500 - D:\\condo-booking-system\\views\\Room\\index.ejs:317\n    315| \r\n    316|     <!-- LOGIN MODAL (FIXED PATH) -->\r\n >> 317|     <%- include('../partials/login-modal') %>\r\n    318| \r\n    319|     <!-- SCRIPTS -->\r\n    320|     <script src=\"https://cdn.jsdelivr.net/npm/bootstrap@5.3.0/dist/js/bootstrap.bundle.min.js\"></script>\r\n\nCould not find the include file \"../partials/login-modal\" - / - GET - ::1","timestamp":"2026-02-13T07:00:13.251Z"}
{"level":"error","message":"500 - D:\\condo-booking-system\\views\\Room\\index.ejs:317\n    315| \r\n    316|     <!-- LOGIN MODAL (FIXED PATH) -->\r\n >> 317|     <%- include('../partials/login-modal') %>\r\n    318| \r\n    319|     <!-- SCRIPTS -->\r\n    320|     <script src=\"https://cdn.jsdelivr.net/npm/bootstrap@5.3.0/dist/js/bootstrap.bundle.min.js\"></script>\r\n\nCould not find the include file \"../partials/login-modal\" - / - GET - ::1","timestamp":"2026-02-13T07:00:18.024Z"}
{"level":"error","message":"500 - D:\\condo-booking-system\\views\\Room\\index.ejs:317\n    315| \r\n    316|     <!-- LOGIN MODAL (FIXED PATH) -->\r\n >> 317|     <%- include('../partials/login-modal') %>\r\n    318| \r\n    319|     <!-- SCRIPTS -->\r\n    320|     <script src=\"https://cdn.jsdelivr.net/npm/bootstrap@5.3.0/dist/js/bootstrap.bundle.min.js\"></script>\r\n\nCould not find the include file \"../partials/login-modal\" - / - GET - ::1","timestamp":"2026-02-13T07:00:19.201Z"}
{"level":"error","message":"500 - D:\\condo-booking-system\\views\\Room\\index.ejs:317\n    315| \r\n    316|     <!-- LOGIN MODAL (FIXED PATH) -->\r\n >> 317|     <%- include('../partials/login-modal') %>\r\n    318| \r\n    319|     <!-- SCRIPTS -->\r\n    320|     <script src=\"https://cdn.jsdelivr.net/npm/bootstrap@5.3.0/dist/js/bootstrap.bundle.min.js\"></script>\r\n\nCould not find the include file \"../partials/login-modal\" - / - GET - ::1","timestamp":"2026-02-13T07:00:32.782Z"}
{"level":"error","message":"[Cron Error - Sync] getaddrinfo EAI_AGAIN ac-dvw6wjb-shard-00-02.yko6745.mongodb.net","timestamp":"2026-02-13T07:15:05.057Z"}
{"level":"error","message":"500 - D:\\condo-booking-system\\views\\promos.ejs:213\n    211| \r\n    212|     <!-- LOGIN MODAL -->\r\n >> 213|     <%- include('../partials/login-modal') %>\r\n    214| \r\n    215|     <script src=\"https://cdn.jsdelivr.net/npm/bootstrap@5.3.0/dist/js/bootstrap.bundle.min.js\"></script>\r\n    216|     <script>\r\n\nCould not find the include file \"../partials/login-modal\" - /promos - GET - ::1","timestamp":"2026-02-13T07:42:51.202Z"}
{"level":"error","message":"500 - Unexpected token 'catch' in D:\\condo-booking-system\\views\\Admin\\dashboard.ejs while compiling ejs\n\nIf the above error is not helpful, you may want to try EJS-Lint:\nhttps://github.com/RyanZim/EJS-Lint\nOr, if you meant to create an async function, pass `async: true` as an option. - /admin - GET - ::1","timestamp":"2026-02-16T02:43:51.830Z"}
{"level":"error","message":"500 - D:\\condo-booking-system\\views\\Admin\\dashboard.ejs:227\n    225| \r\n    226|     <!-- OTHER MODALS (Site Config, Amenities, etc. - Kept compact for brevity, ensure they are present) -->\r\n >> 227|     <%- include('../partials/admin-modals') %> \r\n    228| \r\n    229|     <!-- SCRIPTS -->\r\n    230|     <script src=\"https://cdn.jsdelivr.net/npm/bootstrap@5.3.0/dist/js/bootstrap.bundle.min.js\"></script>\r\n\nCould not find the include file \"../partials/admin-modals\" - /admin - GET - ::1","timestamp":"2026-02-16T02:46:26.924Z"}
{"level":"error","message":"500 - D:\\condo-booking-system\\views\\Admin\\dashboard.ejs:227\n    225| \r\n    226|     <!-- OTHER MODALS (Site Config, Amenities, etc. - Kept compact for brevity, ensure they are present) -->\r\n >> 227|     <%- include('../partials/admin-modals') %> \r\n    228| \r\n    229|     <!-- SCRIPTS -->\r\n    230|     <script src=\"https://cdn.jsdelivr.net/npm/bootstrap@5.3.0/dist/js/bootstrap.bundle.min.js\"></script>\r\n\nCould not find the include file \"../partials/admin-modals\" - /admin - GET - ::1","timestamp":"2026-02-16T02:46:32.320Z"}
{"level":"error","message":"500 - D:\\condo-booking-system\\views\\Admin\\dashboard.ejs:227\n    225| \r\n    226|     <!-- OTHER MODALS (Site Config, Amenities, etc. - Kept compact for brevity, ensure they are present) -->\r\n >> 227|     <%- include('../partials/admin-modals') %> \r\n    228| \r\n    229|     <!-- SCRIPTS -->\r\n    230|     <script src=\"https://cdn.jsdelivr.net/npm/bootstrap@5.3.0/dist/js/bootstrap.bundle.min.js\"></script>\r\n\nCould not find the include file \"../partials/admin-modals\" - /admin - GET - ::1","timestamp":"2026-02-16T02:46:32.385Z"}
